STDOUT:
============================= test session starts =============================
platform win32 -- Python 3.14.0, pytest-9.0.2, pluggy-1.6.0 -- C:\Python314\python.exe
cachedir: .pytest_cache
rootdir: C:\Users\sancheet\Documents\regulayer
configfile: pyproject.toml
plugins: anyio-4.11.0, asyncio-1.3.0, cov-7.0.0
asyncio: mode=Mode.AUTO, debug=False, asyncio_default_fixture_loop_scope=None, asyncio_default_test_loop_scope=function
collecting ... collected 5 items

regulayer-sdk/tests/test_contract.py::test_success_202 PASSED            [ 20%]
regulayer-sdk/tests/test_contract.py::test_duplicate_409 PASSED          [ 40%]
regulayer-sdk/tests/test_contract.py::test_frozen_403 PASSED             [ 60%]
regulayer-sdk/tests/test_contract.py::test_demo_wall PASSED              [ 80%]
regulayer-sdk/tests/test_contract.py::test_rate_limit_retry PASSED       [100%]

============================== 5 passed in 1.25s ==============================

STDERR:

EXIT CODE: 0
